0 info it worked if it ends with ok
1 verbose cli [ '/home/codio/.nvm/v0.10.33/bin/node',
1 verbose cli   '/home/codio/.nvm/v0.10.33/bin/npm',
1 verbose cli   'install',
1 verbose cli   'forever',
1 verbose cli   '-',
1 verbose cli   'g' ]
2 info using npm@1.4.28
3 info using node@v0.10.33
4 verbose readDependencies using package.json deps
5 verbose cache add [ 'forever', null ]
6 verbose cache add name=undefined spec="forever" args=["forever",null]
7 verbose parsed url { protocol: null,
7 verbose parsed url   slashes: null,
7 verbose parsed url   auth: null,
7 verbose parsed url   host: null,
7 verbose parsed url   port: null,
7 verbose parsed url   hostname: null,
7 verbose parsed url   hash: null,
7 verbose parsed url   search: null,
7 verbose parsed url   query: null,
7 verbose parsed url   pathname: 'forever',
7 verbose parsed url   path: 'forever',
7 verbose parsed url   href: 'forever' }
8 verbose cache add [ '-', null ]
9 verbose cache add name=undefined spec="-" args=["-",null]
10 verbose parsed url { protocol: null,
10 verbose parsed url   slashes: null,
10 verbose parsed url   auth: null,
10 verbose parsed url   host: null,
10 verbose parsed url   port: null,
10 verbose parsed url   hostname: null,
10 verbose parsed url   hash: null,
10 verbose parsed url   search: null,
10 verbose parsed url   query: null,
10 verbose parsed url   pathname: '-',
10 verbose parsed url   path: '-',
10 verbose parsed url   href: '-' }
11 verbose cache add [ 'g', null ]
12 verbose cache add name=undefined spec="g" args=["g",null]
13 verbose parsed url { protocol: null,
13 verbose parsed url   slashes: null,
13 verbose parsed url   auth: null,
13 verbose parsed url   host: null,
13 verbose parsed url   port: null,
13 verbose parsed url   hostname: null,
13 verbose parsed url   hash: null,
13 verbose parsed url   search: null,
13 verbose parsed url   query: null,
13 verbose parsed url   pathname: 'g',
13 verbose parsed url   path: 'g',
13 verbose parsed url   href: 'g' }
14 silly lockFile e07f8c4a-forever forever
15 verbose lock forever /home/codio/.npm/e07f8c4a-forever.lock
16 silly lockFile 3bc15c8a- -
17 verbose lock - /home/codio/.npm/3bc15c8a-.lock
18 silly lockFile 54fd1711-g g
19 verbose lock g /home/codio/.npm/54fd1711-g.lock
20 silly lockFile e07f8c4a-forever forever
21 silly lockFile e07f8c4a-forever forever
22 silly lockFile 3bc15c8a- -
23 silly lockFile 3bc15c8a- -
24 verbose addNamed [ 'forever', '' ]
25 verbose addNamed [ null, '*' ]
26 silly lockFile 28ef027b-forever forever@
27 verbose lock forever@ /home/codio/.npm/28ef027b-forever.lock
28 silly lockFile 54fd1711-g g
29 silly lockFile 54fd1711-g g
30 verbose addNamed [ '-', '' ]
31 verbose addNamed [ null, '*' ]
32 silly lockFile c75fe0d4- -@
33 verbose lock -@ /home/codio/.npm/c75fe0d4-.lock
34 verbose addNamed [ 'g', '' ]
35 verbose addNamed [ null, '*' ]
36 silly lockFile 8b047e1f-g g@
37 verbose lock g@ /home/codio/.npm/8b047e1f-g.lock
38 silly addNameRange { name: 'forever', range: '*', hasData: false }
39 silly addNameRange { name: '-', range: '*', hasData: false }
40 silly addNameRange { name: 'g', range: '*', hasData: false }
41 verbose request where is /-
42 verbose request registry https://registry.npmjs.org/
43 verbose request id 02181f4362a1ae8c
44 verbose url raw /-
45 verbose url resolving [ 'https://registry.npmjs.org/', './-' ]
46 verbose url resolved https://registry.npmjs.org/-
47 verbose request where is https://registry.npmjs.org/-
48 info trying registry request attempt 1 at 12:26:10
49 http GET https://registry.npmjs.org/-
50 verbose request where is /g
51 verbose request registry https://registry.npmjs.org/
52 verbose url raw /g
53 verbose url resolving [ 'https://registry.npmjs.org/', './g' ]
54 verbose url resolved https://registry.npmjs.org/g
55 verbose request where is https://registry.npmjs.org/g
56 info trying registry request attempt 1 at 12:26:10
57 http GET https://registry.npmjs.org/g
58 verbose registry.get https://registry.npmjs.org/forever not expired, no request
59 silly addNameRange number 2 { name: 'forever', range: '*', hasData: true }
60 silly addNameRange versions [ 'forever',
60 silly addNameRange   [ '0.6.0',
60 silly addNameRange     '0.6.1',
60 silly addNameRange     '0.6.2',
60 silly addNameRange     '0.6.3',
60 silly addNameRange     '0.6.4',
60 silly addNameRange     '0.6.5',
60 silly addNameRange     '0.6.6',
60 silly addNameRange     '0.6.7',
60 silly addNameRange     '0.6.8',
60 silly addNameRange     '0.6.9',
60 silly addNameRange     '0.7.0',
60 silly addNameRange     '0.7.1',
60 silly addNameRange     '0.7.2',
60 silly addNameRange     '0.7.3',
60 silly addNameRange     '0.7.4',
60 silly addNameRange     '0.7.5',
60 silly addNameRange     '0.8.0',
60 silly addNameRange     '0.8.1',
60 silly addNameRange     '0.8.2',
60 silly addNameRange     '0.8.3',
60 silly addNameRange     '0.8.4',
60 silly addNameRange     '0.8.5',
60 silly addNameRange     '0.9.0',
60 silly addNameRange     '0.9.1',
60 silly addNameRange     '0.9.2',
60 silly addNameRange     '0.10.0',
60 silly addNameRange     '0.10.5',
60 silly addNameRange     '0.10.6',
60 silly addNameRange     '0.10.7',
60 silly addNameRange     '0.10.8',
60 silly addNameRange     '0.10.9',
60 silly addNameRange     '0.10.10',
60 silly addNameRange     '0.10.11',
60 silly addNameRange     '0.11.0',
60 silly addNameRange     '0.11.1',
60 silly addNameRange     '0.12.0',
60 silly addNameRange     '0.13.0',
60 silly addNameRange     '0.14.1' ] ]
61 verbose addNamed [ 'forever', '0.14.1' ]
62 verbose addNamed [ '0.14.1', '0.14.1' ]
63 silly lockFile ce67a8ea-forever-0-14-1 forever@0.14.1
64 verbose lock forever@0.14.1 /home/codio/.npm/ce67a8ea-forever-0-14-1.lock
65 silly lockFile ce67a8ea-forever-0-14-1 forever@0.14.1
66 silly lockFile ce67a8ea-forever-0-14-1 forever@0.14.1
67 silly lockFile 28ef027b-forever forever@
68 silly lockFile 28ef027b-forever forever@
69 http 404 https://registry.npmjs.org/-
70 verbose headers { date: 'Tue, 10 Feb 2015 12:26:11 GMT',
70 verbose headers   server: 'CouchDB/1.5.0 (Erlang OTP/R16B03)',
70 verbose headers   'content-type': 'application/json',
70 verbose headers   'cache-control': 'max-age=0',
70 verbose headers   'content-length': '52',
70 verbose headers   'accept-ranges': 'bytes',
70 verbose headers   via: '1.1 varnish',
70 verbose headers   age: '0',
70 verbose headers   'x-served-by': 'cache-iad2145-IAD',
70 verbose headers   'x-cache': 'MISS',
70 verbose headers   'x-cache-hits': '0',
70 verbose headers   'x-timer': 'S1423571171.007845,VS0,VE54',
70 verbose headers   'keep-alive': 'timeout=10, max=50',
70 verbose headers   connection: 'Keep-Alive' }
71 silly registry.get cb [ 404,
71 silly registry.get   { date: 'Tue, 10 Feb 2015 12:26:11 GMT',
71 silly registry.get     server: 'CouchDB/1.5.0 (Erlang OTP/R16B03)',
71 silly registry.get     'content-type': 'application/json',
71 silly registry.get     'cache-control': 'max-age=0',
71 silly registry.get     'content-length': '52',
71 silly registry.get     'accept-ranges': 'bytes',
71 silly registry.get     via: '1.1 varnish',
71 silly registry.get     age: '0',
71 silly registry.get     'x-served-by': 'cache-iad2145-IAD',
71 silly registry.get     'x-cache': 'MISS',
71 silly registry.get     'x-cache-hits': '0',
71 silly registry.get     'x-timer': 'S1423571171.007845,VS0,VE54',
71 silly registry.get     'keep-alive': 'timeout=10, max=50',
71 silly registry.get     connection: 'Keep-Alive' } ]
72 silly lockFile c75fe0d4- -@
73 silly lockFile c75fe0d4- -@
74 http 200 https://registry.npmjs.org/g
75 silly registry.get cb [ 200,
75 silly registry.get   { date: 'Tue, 10 Feb 2015 12:26:11 GMT',
75 silly registry.get     server: 'CouchDB/1.5.0 (Erlang OTP/R16B03)',
75 silly registry.get     etag: '"3BVYNP3H56ME6RRNQL3M5R803"',
75 silly registry.get     'content-type': 'application/json',
75 silly registry.get     'cache-control': 'max-age=60',
75 silly registry.get     'content-length': '3048',
75 silly registry.get     'accept-ranges': 'bytes',
75 silly registry.get     via: '1.1 varnish',
75 silly registry.get     age: '0',
75 silly registry.get     'x-served-by': 'cache-atl6233-ATL',
75 silly registry.get     'x-cache': 'MISS',
75 silly registry.get     'x-cache-hits': '0',
75 silly registry.get     'x-timer': 'S1423571171.053704,VS0,VE116',
75 silly registry.get     vary: 'Accept',
75 silly registry.get     'keep-alive': 'timeout=10, max=50',
75 silly registry.get     connection: 'Keep-Alive' } ]
76 silly addNameRange number 2 { name: 'g', range: '*', hasData: true }
77 silly addNameRange versions [ 'g', [ '1.0.0', '1.0.1', '1.0.2' ] ]
78 verbose addNamed [ 'g', '1.0.2' ]
79 verbose addNamed [ '1.0.2', '1.0.2' ]
80 silly lockFile edaebc26-g-1-0-2 g@1.0.2
81 verbose lock g@1.0.2 /home/codio/.npm/edaebc26-g-1-0-2.lock
82 silly lockFile 5874d9b2-registry-npmjs-org-g-g-1-0-2-tgz https://registry.npmjs.org/g/-/g-1.0.2.tgz
83 verbose lock https://registry.npmjs.org/g/-/g-1.0.2.tgz /home/codio/.npm/5874d9b2-registry-npmjs-org-g-g-1-0-2-tgz.lock
84 verbose addRemoteTarball [ 'https://registry.npmjs.org/g/-/g-1.0.2.tgz',
84 verbose addRemoteTarball   '7176efe99be840518ffd05aff9625d38d7bc3225' ]
85 info retry fetch attempt 1 at 12:26:11
86 verbose fetch to= /tmp/npm-1630-W0Vk3Uyn/registry.npmjs.org/g/-/g-1.0.2.tgz
87 http GET https://registry.npmjs.org/g/-/g-1.0.2.tgz
88 http 200 https://registry.npmjs.org/g/-/g-1.0.2.tgz
89 silly lockFile 5874d9b2-registry-npmjs-org-g-g-1-0-2-tgz https://registry.npmjs.org/g/-/g-1.0.2.tgz
90 silly lockFile 5874d9b2-registry-npmjs-org-g-g-1-0-2-tgz https://registry.npmjs.org/g/-/g-1.0.2.tgz
91 silly lockFile edaebc26-g-1-0-2 g@1.0.2
92 silly lockFile edaebc26-g-1-0-2 g@1.0.2
93 silly lockFile 8b047e1f-g g@
94 silly lockFile 8b047e1f-g g@
95 error Error: not_found document not found: -
95 error     at RegClient.<anonymous> (/home/codio/.nvm/v0.10.33/lib/node_modules/npm/node_modules/npm-registry-client/lib/request.js:308:14)
95 error     at Request._callback (/home/codio/.nvm/v0.10.33/lib/node_modules/npm/node_modules/npm-registry-client/lib/request.js:246:65)
95 error     at Request.self.callback (/home/codio/.nvm/v0.10.33/lib/node_modules/npm/node_modules/request/request.js:236:22)
95 error     at Request.emit (events.js:98:17)
95 error     at Request.<anonymous> (/home/codio/.nvm/v0.10.33/lib/node_modules/npm/node_modules/request/request.js:1142:14)
95 error     at Request.emit (events.js:117:20)
95 error     at IncomingMessage.<anonymous> (/home/codio/.nvm/v0.10.33/lib/node_modules/npm/node_modules/request/request.js:1096:12)
95 error     at IncomingMessage.emit (events.js:117:20)
95 error     at _stream_readable.js:943:16
95 error     at process._tickCallback (node.js:419:13)
96 error If you need help, you may report this *entire* log,
96 error including the npm and node versions, at:
96 error     <http://github.com/npm/npm/issues>
97 error System Linux 3.16.0-28-generic
98 error command "/home/codio/.nvm/v0.10.33/bin/node" "/home/codio/.nvm/v0.10.33/bin/npm" "install" "forever" "-" "g"
99 error cwd /home/codio/workspace
100 error node -v v0.10.33
101 error npm -v 1.4.28
102 verbose exit [ 1, true ]
